<?xml version="1.0" encoding="UTF-8"?>
<testng-results ignored="0" total="3" passed="2" failed="1" skipped="0">
  <reporter-output>
  </reporter-output>
  <suite started-at="2020-07-19T19:03:53 IST" name="Suite" finished-at="2020-07-19T19:04:21 IST" duration-ms="27604">
    <groups>
    </groups>
    <test started-at="2020-07-19T19:03:53 IST" name="Validatetitle" finished-at="2020-07-19T19:04:11 IST" duration-ms="17422">
      <class name="Academy.Validatetitle">
        <test-method is-config="true" signature="initialize()[pri:0, instance:Academy.Validatetitle@71454b9d]" started-at="2020-07-19T19:03:53 IST" name="initialize" finished-at="2020-07-19T19:04:08 IST" duration-ms="14955" status="PASS">
          <reporter-output>
          </reporter-output>
        </test-method> <!-- initialize -->
        <test-method signature="basePageInitialize()[pri:0, instance:Academy.Validatetitle@71454b9d]" started-at="2020-07-19T19:04:08 IST" name="basePageInitialize" finished-at="2020-07-19T19:04:08 IST" duration-ms="133" status="FAIL">
          <exception class="java.lang.AssertionError">
            <message>
              <![CDATA[expected [Featured Courses] but found [FEATURED COURSES]]]>
            </message>
            <full-stacktrace>
              <![CDATA[java.lang.AssertionError: expected [Featured Courses] but found [FEATURED COURSES]
at org.testng.Assert.fail(Assert.java:97)
at org.testng.Assert.assertEqualsImpl(Assert.java:136)
at org.testng.Assert.assertEquals(Assert.java:118)
at org.testng.Assert.assertEquals(Assert.java:575)
at org.testng.Assert.assertEquals(Assert.java:585)
at Academy.Validatetitle.basePageInitialize(Validatetitle.java:34)
at java.base/jdk.internal.reflect.NativeMethodAccessorImpl.invoke0(Native Method)
at java.base/jdk.internal.reflect.NativeMethodAccessorImpl.invoke(NativeMethodAccessorImpl.java:62)
at java.base/jdk.internal.reflect.DelegatingMethodAccessorImpl.invoke(DelegatingMethodAccessorImpl.java:43)
at java.base/java.lang.reflect.Method.invoke(Method.java:564)
at org.testng.internal.MethodInvocationHelper.invokeMethod(MethodInvocationHelper.java:134)
at org.testng.internal.TestInvoker.invokeMethod(TestInvoker.java:597)
at org.testng.internal.TestInvoker.invokeTestMethod(TestInvoker.java:173)
at org.testng.internal.MethodRunner.runInSequence(MethodRunner.java:46)
at org.testng.internal.TestInvoker$MethodInvocationAgent.invoke(TestInvoker.java:816)
at org.testng.internal.TestInvoker.invokeTestMethods(TestInvoker.java:146)
at org.testng.internal.TestMethodWorker.invokeTestMethods(TestMethodWorker.java:146)
at org.testng.internal.TestMethodWorker.run(TestMethodWorker.java:128)
at java.base/java.util.ArrayList.forEach(ArrayList.java:1510)
at org.testng.TestRunner.privateRun(TestRunner.java:766)
at org.testng.TestRunner.run(TestRunner.java:587)
at org.testng.SuiteRunner.runTest(SuiteRunner.java:384)
at org.testng.SuiteRunner.access$000(SuiteRunner.java:28)
at org.testng.SuiteRunner$SuiteWorker.run(SuiteRunner.java:425)
at org.testng.internal.thread.ThreadUtil.lambda$execute$0(ThreadUtil.java:68)
at java.base/java.util.concurrent.FutureTask.run(FutureTask.java:264)
at java.base/java.util.concurrent.ThreadPoolExecutor.runWorker(ThreadPoolExecutor.java:1130)
at java.base/java.util.concurrent.ThreadPoolExecutor$Worker.run(ThreadPoolExecutor.java:630)
at java.base/java.lang.Thread.run(Thread.java:832)
]]>
            </full-stacktrace>
          </exception> <!-- java.lang.AssertionError -->
          <reporter-output>
          </reporter-output>
        </test-method> <!-- basePageInitialize -->
        <test-method is-config="true" signature="teardown()[pri:0, instance:Academy.Validatetitle@71454b9d]" started-at="2020-07-19T19:04:09 IST" name="teardown" finished-at="2020-07-19T19:04:11 IST" duration-ms="1226" status="PASS">
          <reporter-output>
          </reporter-output>
        </test-method> <!-- teardown -->
      </class> <!-- Academy.Validatetitle -->
    </test> <!-- Validatetitle -->
    <test started-at="2020-07-19T19:03:53 IST" name="Login" finished-at="2020-07-19T19:04:21 IST" duration-ms="27604">
      <class name="Academy.HomePage">
        <test-method is-config="true" signature="initialize()[pri:0, instance:Academy.HomePage@23aa363a]" started-at="2020-07-19T19:03:53 IST" name="initialize" finished-at="2020-07-19T19:04:00 IST" duration-ms="6390" status="PASS">
          <reporter-output>
          </reporter-output>
        </test-method> <!-- initialize -->
        <test-method signature="basePageInitialize(java.lang.String, java.lang.String)[pri:0, instance:Academy.HomePage@23aa363a]" started-at="2020-07-19T19:04:00 IST" name="basePageInitialize" data-provider="getData" finished-at="2020-07-19T19:04:11 IST" duration-ms="11317" status="PASS">
          <params>
            <param index="0">
              <value>
                <![CDATA[hgfhfhjg]]>
              </value>
            </param>
            <param index="1">
              <value>
                <![CDATA[hgfdhg]]>
              </value>
            </param>
          </params>
          <reporter-output>
          </reporter-output>
        </test-method> <!-- basePageInitialize -->
        <test-method signature="basePageInitialize(java.lang.String, java.lang.String)[pri:0, instance:Academy.HomePage@23aa363a]" started-at="2020-07-19T19:04:11 IST" name="basePageInitialize" data-provider="getData" finished-at="2020-07-19T19:04:17 IST" duration-ms="5559" status="PASS">
          <params>
            <param index="0">
              <value>
                <![CDATA[tutff]]>
              </value>
            </param>
            <param index="1">
              <value>
                <![CDATA[gfhj]]>
              </value>
            </param>
          </params>
          <reporter-output>
          </reporter-output>
        </test-method> <!-- basePageInitialize -->
        <test-method is-config="true" signature="teardown()[pri:0, instance:Academy.HomePage@23aa363a]" started-at="2020-07-19T19:04:17 IST" name="teardown" finished-at="2020-07-19T19:04:21 IST" duration-ms="4261" status="PASS">
          <reporter-output>
          </reporter-output>
        </test-method> <!-- teardown -->
      </class> <!-- Academy.HomePage -->
    </test> <!-- Login -->
  </suite> <!-- Suite -->
</testng-results>
